==23121== Memcheck, a memory error detector
==23121== Copyright (C) 2002-2011, and GNU GPL'd, by Julian Seward et al.
==23121== Using Valgrind-3.7.0 and LibVEX; rerun with -h for copyright info
==23121== Command: ./threadblock
==23121== Parent PID: 22719
==23121== 
==23121== 
==23121== HEAP SUMMARY:
==23121==     in use at exit: 144 bytes in 1 blocks
==23121==   total heap usage: 1 allocs, 0 frees, 144 bytes allocated
==23121== 
==23121== 144 bytes in 1 blocks are possibly lost in loss record 1 of 1
==23121==    at 0x402A5E6: calloc (in /usr/lib/valgrind/vgpreload_memcheck-x86-linux.so)
==23121==    by 0x4011304: allocate_dtv (dl-tls.c:297)
==23121==    by 0x4011AAB: _dl_allocate_tls (dl-tls.c:461)
==23121==    by 0x404E470: pthread_create@@GLIBC_2.1 (allocatestack.c:571)
==23121==    by 0x80487F5: main (threadblock.cpp:20)
==23121== 
==23121== LEAK SUMMARY:
==23121==    definitely lost: 0 bytes in 0 blocks
==23121==    indirectly lost: 0 bytes in 0 blocks
==23121==      possibly lost: 144 bytes in 1 blocks
==23121==    still reachable: 0 bytes in 0 blocks
==23121==         suppressed: 0 bytes in 0 blocks
==23121== 
==23121== For counts of detected and suppressed errors, rerun with: -v
==23121== ERROR SUMMARY: 1 errors from 1 contexts (suppressed: 0 from 0)
