==3843== Memcheck, a memory error detector
==3843== Copyright (C) 2002-2011, and GNU GPL'd, by Julian Seward et al.
==3843== Using Valgrind-3.7.0 and LibVEX; rerun with -h for copyright info
==3843== Command: ./valgrind
==3843== Parent PID: 2785
==3843== 
==3843== Use of uninitialised value of size 4
==3843==    at 0x416E4AB: _itoa_word (_itoa.c:195)
==3843==    by 0x41725EA: vfprintf (vfprintf.c:1629)
==3843==    by 0x4178EFE: printf (printf.c:35)
==3843==    by 0x41454D2: (below main) (libc-start.c:226)
==3843==  Uninitialised value was created by a stack allocation
==3843==    at 0x80484AA: main (valgrind.cpp:5)
==3843== 
==3843== Conditional jump or move depends on uninitialised value(s)
==3843==    at 0x416E4B3: _itoa_word (_itoa.c:195)
==3843==    by 0x41725EA: vfprintf (vfprintf.c:1629)
==3843==    by 0x4178EFE: printf (printf.c:35)
==3843==    by 0x41454D2: (below main) (libc-start.c:226)
==3843==  Uninitialised value was created by a stack allocation
==3843==    at 0x80484AA: main (valgrind.cpp:5)
==3843== 
==3843== Conditional jump or move depends on uninitialised value(s)
==3843==    at 0x41734BA: vfprintf (vfprintf.c:1629)
==3843==    by 0x4178EFE: printf (printf.c:35)
==3843==    by 0x41454D2: (below main) (libc-start.c:226)
==3843==  Uninitialised value was created by a stack allocation
==3843==    at 0x80484AA: main (valgrind.cpp:5)
==3843== 
==3843== Conditional jump or move depends on uninitialised value(s)
==3843==    at 0x4171D30: vfprintf (vfprintf.c:1629)
==3843==    by 0x4178EFE: printf (printf.c:35)
==3843==    by 0x41454D2: (below main) (libc-start.c:226)
==3843==  Uninitialised value was created by a stack allocation
==3843==    at 0x80484AA: main (valgrind.cpp:5)
==3843== 
==3843== Mismatched free() / delete / delete []
==3843==    at 0x402ACFC: operator delete(void*) (in /usr/lib/valgrind/vgpreload_memcheck-x86-linux.so)
==3843==    by 0x8048561: main (valgrind.cpp:16)
==3843==  Address 0x4323028 is 0 bytes inside a block of size 20 alloc'd
==3843==    at 0x402B454: operator new[](unsigned int) (in /usr/lib/valgrind/vgpreload_memcheck-x86-linux.so)
==3843==    by 0x80484B8: main (valgrind.cpp:7)
==3843== 
==3843== Invalid write of size 4
==3843==    at 0x8048569: main (valgrind.cpp:18)
==3843==  Address 0x432302c is 4 bytes inside a block of size 20 free'd
==3843==    at 0x402ACFC: operator delete(void*) (in /usr/lib/valgrind/vgpreload_memcheck-x86-linux.so)
==3843==    by 0x8048561: main (valgrind.cpp:16)
==3843== 
==3843== Invalid read of size 4
==3843==    at 0x8048576: main (valgrind.cpp:19)
==3843==  Address 0x432302c is 4 bytes inside a block of size 20 free'd
==3843==    at 0x402ACFC: operator delete(void*) (in /usr/lib/valgrind/vgpreload_memcheck-x86-linux.so)
==3843==    by 0x8048561: main (valgrind.cpp:16)
==3843== 
==3843== 
==3843== HEAP SUMMARY:
==3843==     in use at exit: 0 bytes in 0 blocks
==3843==   total heap usage: 1 allocs, 1 frees, 20 bytes allocated
==3843== 
==3843== All heap blocks were freed -- no leaks are possible
==3843== 
==3843== For counts of detected and suppressed errors, rerun with: -v
==3843== ERROR SUMMARY: 21 errors from 7 contexts (suppressed: 0 from 0)
