==4630== Memcheck, a memory error detector
==4630== Copyright (C) 2002-2011, and GNU GPL'd, by Julian Seward et al.
==4630== Using Valgrind-3.7.0 and LibVEX; rerun with -h for copyright info
==4630== Command: ./linkListIntersection_set
==4630== Parent PID: 2239
==4630== 
==4630== 
==4630== HEAP SUMMARY:
==4630==     in use at exit: 48 bytes in 6 blocks
==4630==   total heap usage: 9 allocs, 3 frees, 108 bytes allocated
==4630== 
==4630== 24 (8 direct, 16 indirect) bytes in 1 blocks are definitely lost in loss record 5 of 6
==4630==    at 0x402BE68: malloc (in /usr/lib/valgrind/vgpreload_memcheck-x86-linux.so)
==4630==    by 0x80489A1: main (linkListIntersection_set.cpp:35)
==4630== 
==4630== 24 (8 direct, 16 indirect) bytes in 1 blocks are definitely lost in loss record 6 of 6
==4630==    at 0x402BE68: malloc (in /usr/lib/valgrind/vgpreload_memcheck-x86-linux.so)
==4630==    by 0x80489BB: main (linkListIntersection_set.cpp:39)
==4630== 
==4630== LEAK SUMMARY:
==4630==    definitely lost: 16 bytes in 2 blocks
==4630==    indirectly lost: 32 bytes in 4 blocks
==4630==      possibly lost: 0 bytes in 0 blocks
==4630==    still reachable: 0 bytes in 0 blocks
==4630==         suppressed: 0 bytes in 0 blocks
==4630== 
==4630== For counts of detected and suppressed errors, rerun with: -v
==4630== ERROR SUMMARY: 2 errors from 2 contexts (suppressed: 0 from 0)
